mode: set
github.com/kevin-luvian/multi-repo-sprout/go-minesweeper/internal/game/Command.go:14.64,19.23 4 1
github.com/kevin-luvian/multi-repo-sprout/go-minesweeper/internal/game/Command.go:19.23,20.22 1 0
github.com/kevin-luvian/multi-repo-sprout/go-minesweeper/internal/game/Command.go:20.22,22.4 1 0
github.com/kevin-luvian/multi-repo-sprout/go-minesweeper/internal/game/Command.go:24.3,24.45 1 0
github.com/kevin-luvian/multi-repo-sprout/go-minesweeper/internal/game/Command.go:27.2,27.24 1 1
github.com/kevin-luvian/multi-repo-sprout/go-minesweeper/internal/game/Command.go:27.24,28.22 1 1
github.com/kevin-luvian/multi-repo-sprout/go-minesweeper/internal/game/Command.go:28.22,30.4 1 1
github.com/kevin-luvian/multi-repo-sprout/go-minesweeper/internal/game/Command.go:32.3,32.63 1 1
github.com/kevin-luvian/multi-repo-sprout/go-minesweeper/internal/game/Command.go:35.2,35.49 1 1
github.com/kevin-luvian/multi-repo-sprout/go-minesweeper/internal/game/Command.go:38.59,40.16 2 0
github.com/kevin-luvian/multi-repo-sprout/go-minesweeper/internal/game/Command.go:40.16,42.3 1 0
github.com/kevin-luvian/multi-repo-sprout/go-minesweeper/internal/game/Command.go:44.2,45.16 2 0
github.com/kevin-luvian/multi-repo-sprout/go-minesweeper/internal/game/Command.go:45.16,47.3 1 0
github.com/kevin-luvian/multi-repo-sprout/go-minesweeper/internal/game/Command.go:49.2,49.65 1 0
github.com/kevin-luvian/multi-repo-sprout/go-minesweeper/internal/game/Command.go:49.65,51.3 1 0
github.com/kevin-luvian/multi-repo-sprout/go-minesweeper/internal/game/Command.go:53.2,56.8 1 0
github.com/kevin-luvian/multi-repo-sprout/go-minesweeper/internal/game/Command.go:59.68,61.16 2 1
github.com/kevin-luvian/multi-repo-sprout/go-minesweeper/internal/game/Command.go:61.16,63.3 1 1
github.com/kevin-luvian/multi-repo-sprout/go-minesweeper/internal/game/Command.go:65.2,66.16 2 1
github.com/kevin-luvian/multi-repo-sprout/go-minesweeper/internal/game/Command.go:66.16,68.3 1 0
github.com/kevin-luvian/multi-repo-sprout/go-minesweeper/internal/game/Command.go:70.2,70.68 1 1
github.com/kevin-luvian/multi-repo-sprout/go-minesweeper/internal/game/Command.go:70.68,72.3 1 1
github.com/kevin-luvian/multi-repo-sprout/go-minesweeper/internal/game/Command.go:74.2,77.8 1 1
github.com/kevin-luvian/multi-repo-sprout/go-minesweeper/internal/game/Game.go:23.41,33.2 4 1
github.com/kevin-luvian/multi-repo-sprout/go-minesweeper/internal/game/Game.go:35.40,36.29 1 1
github.com/kevin-luvian/multi-repo-sprout/go-minesweeper/internal/game/Game.go:36.29,42.33 4 1
github.com/kevin-luvian/multi-repo-sprout/go-minesweeper/internal/game/Game.go:42.33,46.4 3 1
github.com/kevin-luvian/multi-repo-sprout/go-minesweeper/internal/game/Game.go:49.2,49.40 1 1
github.com/kevin-luvian/multi-repo-sprout/go-minesweeper/internal/game/Game.go:49.40,51.3 1 1
github.com/kevin-luvian/multi-repo-sprout/go-minesweeper/internal/game/Game.go:54.30,56.2 1 0
github.com/kevin-luvian/multi-repo-sprout/go-minesweeper/internal/game/Game.go:58.38,60.6 2 1
github.com/kevin-luvian/multi-repo-sprout/go-minesweeper/internal/game/Game.go:60.6,61.17 1 1
github.com/kevin-luvian/multi-repo-sprout/go-minesweeper/internal/game/Game.go:61.17,62.9 1 1
github.com/kevin-luvian/multi-repo-sprout/go-minesweeper/internal/game/Game.go:65.3,66.9 2 1
github.com/kevin-luvian/multi-repo-sprout/go-minesweeper/internal/game/Game.go:66.9,68.4 1 1
github.com/kevin-luvian/multi-repo-sprout/go-minesweeper/internal/state/BoardState.go:15.39,17.23 2 1
github.com/kevin-luvian/multi-repo-sprout/go-minesweeper/internal/state/BoardState.go:17.23,19.3 1 1
github.com/kevin-luvian/multi-repo-sprout/go-minesweeper/internal/state/BoardState.go:21.2,27.3 1 1
github.com/kevin-luvian/multi-repo-sprout/go-minesweeper/internal/state/BoardState.go:30.62,33.30 2 1
github.com/kevin-luvian/multi-repo-sprout/go-minesweeper/internal/state/BoardState.go:33.30,36.28 2 1
github.com/kevin-luvian/multi-repo-sprout/go-minesweeper/internal/state/BoardState.go:36.28,38.4 1 1
github.com/kevin-luvian/multi-repo-sprout/go-minesweeper/internal/state/BoardState.go:41.2,41.15 1 1
github.com/kevin-luvian/multi-repo-sprout/go-minesweeper/internal/state/BoardState.go:44.44,46.16 2 1
github.com/kevin-luvian/multi-repo-sprout/go-minesweeper/internal/state/BoardState.go:46.16,48.3 1 1
github.com/kevin-luvian/multi-repo-sprout/go-minesweeper/internal/state/BoardState.go:50.2,50.43 1 1
github.com/kevin-luvian/multi-repo-sprout/go-minesweeper/internal/state/BoardState.go:50.43,52.3 1 1
github.com/kevin-luvian/multi-repo-sprout/go-minesweeper/internal/state/BoardState.go:55.2,58.21 3 1
github.com/kevin-luvian/multi-repo-sprout/go-minesweeper/internal/state/BoardState.go:58.21,66.34 4 1
github.com/kevin-luvian/multi-repo-sprout/go-minesweeper/internal/state/BoardState.go:66.34,71.67 3 1
github.com/kevin-luvian/multi-repo-sprout/go-minesweeper/internal/state/BoardState.go:71.67,72.13 1 1
github.com/kevin-luvian/multi-repo-sprout/go-minesweeper/internal/state/BoardState.go:75.4,76.18 2 1
github.com/kevin-luvian/multi-repo-sprout/go-minesweeper/internal/state/BoardState.go:76.18,78.5 1 1
github.com/kevin-luvian/multi-repo-sprout/go-minesweeper/internal/state/BoardState.go:80.4,80.45 1 1
github.com/kevin-luvian/multi-repo-sprout/go-minesweeper/internal/state/BoardState.go:80.45,82.5 1 1
github.com/kevin-luvian/multi-repo-sprout/go-minesweeper/internal/state/BoardState.go:87.39,88.30 1 1
github.com/kevin-luvian/multi-repo-sprout/go-minesweeper/internal/state/BoardState.go:88.30,89.28 1 1
github.com/kevin-luvian/multi-repo-sprout/go-minesweeper/internal/state/BoardState.go:89.28,90.19 1 1
github.com/kevin-luvian/multi-repo-sprout/go-minesweeper/internal/state/BoardState.go:90.19,93.5 2 1
github.com/kevin-luvian/multi-repo-sprout/go-minesweeper/internal/state/BoardState.go:98.50,99.26 1 1
github.com/kevin-luvian/multi-repo-sprout/go-minesweeper/internal/state/BoardState.go:99.26,101.3 1 0
github.com/kevin-luvian/multi-repo-sprout/go-minesweeper/internal/state/BoardState.go:103.2,111.4 4 1
github.com/kevin-luvian/multi-repo-sprout/go-minesweeper/internal/state/BoardState.go:111.4,115.66 3 1
github.com/kevin-luvian/multi-repo-sprout/go-minesweeper/internal/state/BoardState.go:115.66,116.12 1 1
github.com/kevin-luvian/multi-repo-sprout/go-minesweeper/internal/state/BoardState.go:119.3,119.28 1 1
github.com/kevin-luvian/multi-repo-sprout/go-minesweeper/internal/state/BoardState.go:122.2,122.13 1 1
github.com/kevin-luvian/multi-repo-sprout/go-minesweeper/internal/state/Tile.go:16.28,19.2 2 1
github.com/kevin-luvian/multi-repo-sprout/go-minesweeper/internal/state/Tile.go:21.52,22.19 1 1
github.com/kevin-luvian/multi-repo-sprout/go-minesweeper/internal/state/Tile.go:22.19,24.3 1 1
github.com/kevin-luvian/multi-repo-sprout/go-minesweeper/internal/state/Tile.go:26.2,26.14 1 1
github.com/kevin-luvian/multi-repo-sprout/go-minesweeper/internal/state/Tile.go:26.14,28.3 1 1
github.com/kevin-luvian/multi-repo-sprout/go-minesweeper/internal/state/Tile.go:30.2,30.16 1 1
github.com/kevin-luvian/multi-repo-sprout/go-minesweeper/internal/state/Tile.go:30.16,33.20 2 1
github.com/kevin-luvian/multi-repo-sprout/go-minesweeper/internal/state/Tile.go:33.20,35.4 1 1
github.com/kevin-luvian/multi-repo-sprout/go-minesweeper/internal/state/Tile.go:37.3,37.20 1 1
github.com/kevin-luvian/multi-repo-sprout/go-minesweeper/internal/state/Tile.go:37.20,39.4 1 0
github.com/kevin-luvian/multi-repo-sprout/go-minesweeper/internal/state/Tile.go:41.3,41.39 1 1
github.com/kevin-luvian/multi-repo-sprout/go-minesweeper/internal/state/Tile.go:44.2,44.33 1 1
github.com/kevin-luvian/multi-repo-sprout/go-minesweeper/internal/state/Tile.go:47.35,48.18 1 1
github.com/kevin-luvian/multi-repo-sprout/go-minesweeper/internal/state/Tile.go:48.18,50.3 1 1
github.com/kevin-luvian/multi-repo-sprout/go-minesweeper/internal/state/Tile.go:52.2,53.18 2 1
github.com/kevin-luvian/multi-repo-sprout/go-minesweeper/pkg/display/DisplayTerminal.go:8.44,10.2 1 0
github.com/kevin-luvian/multi-repo-sprout/go-minesweeper/pkg/display/DisplayTerminal.go:12.52,15.28 2 1
github.com/kevin-luvian/multi-repo-sprout/go-minesweeper/pkg/display/DisplayTerminal.go:15.28,16.13 1 1
github.com/kevin-luvian/multi-repo-sprout/go-minesweeper/pkg/display/DisplayTerminal.go:16.13,18.28 2 1
github.com/kevin-luvian/multi-repo-sprout/go-minesweeper/pkg/display/DisplayTerminal.go:18.28,20.5 1 1
github.com/kevin-luvian/multi-repo-sprout/go-minesweeper/pkg/display/DisplayTerminal.go:21.4,24.23 3 1
github.com/kevin-luvian/multi-repo-sprout/go-minesweeper/pkg/display/DisplayTerminal.go:24.23,26.5 1 1
github.com/kevin-luvian/multi-repo-sprout/go-minesweeper/pkg/display/DisplayTerminal.go:27.4,27.17 1 1
github.com/kevin-luvian/multi-repo-sprout/go-minesweeper/pkg/display/DisplayTerminal.go:30.3,30.28 1 1
github.com/kevin-luvian/multi-repo-sprout/go-minesweeper/pkg/display/DisplayTerminal.go:30.28,31.14 1 1
github.com/kevin-luvian/multi-repo-sprout/go-minesweeper/pkg/display/DisplayTerminal.go:31.14,33.5 1 1
github.com/kevin-luvian/multi-repo-sprout/go-minesweeper/pkg/display/DisplayTerminal.go:34.4,36.18 3 1
github.com/kevin-luvian/multi-repo-sprout/go-minesweeper/pkg/display/DisplayTerminal.go:38.3,40.24 2 1
github.com/kevin-luvian/multi-repo-sprout/go-minesweeper/pkg/display/DisplayTerminal.go:40.24,42.23 2 1
github.com/kevin-luvian/multi-repo-sprout/go-minesweeper/pkg/display/DisplayTerminal.go:42.23,44.5 1 1
github.com/kevin-luvian/multi-repo-sprout/go-minesweeper/pkg/display/DisplayTerminal.go:45.4,45.17 1 1
github.com/kevin-luvian/multi-repo-sprout/go-minesweeper/pkg/display/DisplayTerminal.go:49.2,49.15 1 1
