mode: set
github.com/kevin-luvian/multi-repo-sprout/go-minesweeper/internal/game/Game.go:7.24,9.2 1 0
github.com/kevin-luvian/multi-repo-sprout/go-minesweeper/internal/state/BoardState.go:7.44,9.2 1 0
github.com/kevin-luvian/multi-repo-sprout/go-minesweeper/internal/state/Tile.go:11.30,12.14 1 0
github.com/kevin-luvian/multi-repo-sprout/go-minesweeper/internal/state/Tile.go:12.14,14.3 1 0
github.com/kevin-luvian/multi-repo-sprout/go-minesweeper/internal/state/Tile.go:16.2,17.13 2 0
github.com/kevin-luvian/multi-repo-sprout/go-minesweeper/cmd/main.go:5.13,7.2 1 0
github.com/kevin-luvian/multi-repo-sprout/go-minesweeper/pkg/display/DisplayTerminal.go:8.52,9.28 1 1
github.com/kevin-luvian/multi-repo-sprout/go-minesweeper/pkg/display/DisplayTerminal.go:9.28,10.28 1 1
github.com/kevin-luvian/multi-repo-sprout/go-minesweeper/pkg/display/DisplayTerminal.go:10.28,12.4 1 1
github.com/kevin-luvian/multi-repo-sprout/go-minesweeper/pkg/display/DisplayTerminal.go:13.3,13.16 1 1
